<?xml version="1.0" encoding="UTF-8"?>
<robot generator="Robot 3.2.2 (Python 3.6.2 on win32)" generated="20211026 21:09:28.768" rpa="false">
<suite id="s1" name="TestCase1" source="C:\Users\User\Desktop\Automation_testcases\TestCases\TestCase1.robot">
<test id="s1-t1" name="Login Test">
<kw name="Open my browser" library="CommonKeywords" type="setup">
<doc>This Keyword is used for opening browser and maximizing browser window</doc>
<kw name="Open Browser" library="SeleniumLibrary">
<doc>Opens a new browser instance to the optional ``url``.</doc>
<arguments>
<arg>http://localhost:3000/login</arg>
<arg>chrome</arg>
</arguments>
<msg timestamp="20211026 21:09:29.046" level="INFO">Opening browser 'chrome' to base url 'http://localhost:3000/login'.</msg>
<status status="PASS" starttime="20211026 21:09:29.046" endtime="20211026 21:09:32.550"></status>
</kw>
<kw name="Maximize Browser Window" library="SeleniumLibrary">
<doc>Maximizes current browser window.</doc>
<status status="PASS" starttime="20211026 21:09:32.551" endtime="20211026 21:09:32.668"></status>
</kw>
<status status="PASS" starttime="20211026 21:09:29.046" endtime="20211026 21:09:32.668"></status>
</kw>
<kw name="Enter UserName in Login" library="LoginKyewords">
<doc>This keyword is used for entering username while login</doc>
<arguments>
<arg>${username}</arg>
</arguments>
<kw name="Input Text" library="SeleniumLibrary">
<doc>Types the given ``text`` into the text field identified by ``locator``.</doc>
<arguments>
<arg>${txt_LoginUserName}</arg>
<arg>${username}</arg>
</arguments>
<msg timestamp="20211026 21:09:32.668" level="INFO">Typing text 'user' into text field 'xpath:/html/body/div[1]/div/div/form/div[1]/input'.</msg>
<status status="PASS" starttime="20211026 21:09:32.668" endtime="20211026 21:09:32.815"></status>
</kw>
<status status="PASS" starttime="20211026 21:09:32.668" endtime="20211026 21:09:32.815"></status>
</kw>
<kw name="Enter Password in Login" library="LoginKyewords">
<doc>This keyword is used for entering password while login</doc>
<arguments>
<arg>${password}</arg>
</arguments>
<kw name="Input Password" library="SeleniumLibrary">
<doc>Types the given password into the text field identified by ``locator``.</doc>
<arguments>
<arg>${txt_LoginPassword}</arg>
<arg>${password}</arg>
</arguments>
<msg timestamp="20211026 21:09:32.816" level="INFO">Typing password into text field 'name:password'.</msg>
<msg timestamp="20211026 21:09:32.870" level="INFO">Temporally setting log level to: NONE</msg>
<msg timestamp="20211026 21:09:32.964" level="INFO">Log level changed from NONE to INFO.</msg>
<status status="PASS" starttime="20211026 21:09:32.816" endtime="20211026 21:09:32.964"></status>
</kw>
<status status="PASS" starttime="20211026 21:09:32.816" endtime="20211026 21:09:32.964"></status>
</kw>
<kw name="Click Login" library="LoginKyewords">
<doc>This keyword is used for clicking the log in button</doc>
<kw name="Click Element" library="SeleniumLibrary">
<doc>Click the element identified by ``locator``.</doc>
<arguments>
<arg>${btn_Login}</arg>
</arguments>
<msg timestamp="20211026 21:09:32.966" level="INFO">Clicking element 'xpath:/html/body/div[1]/div/div/form/button'.</msg>
<status status="PASS" starttime="20211026 21:09:32.965" endtime="20211026 21:09:33.034"></status>
</kw>
<status status="PASS" starttime="20211026 21:09:32.965" endtime="20211026 21:09:33.035"></status>
</kw>
<kw name="Verify Successful Login" library="LoginKyewords">
<doc>This keyword is used for verifying successful login</doc>
<kw name="Wait Until Page Contains" library="SeleniumLibrary">
<doc>Waits until ``text`` appears on the current page.</doc>
<arguments>
<arg>Rank</arg>
</arguments>
<status status="PASS" starttime="20211026 21:09:33.037" endtime="20211026 21:09:34.158"></status>
</kw>
<status status="PASS" starttime="20211026 21:09:33.036" endtime="20211026 21:09:34.158"></status>
</kw>
<kw name="Close All Browsers" library="SeleniumLibrary" type="teardown">
<doc>Closes all open browsers and resets the browser cache.</doc>
<status status="PASS" starttime="20211026 21:09:34.158" endtime="20211026 21:09:36.296"></status>
</kw>
<doc>This testcase is for checking the log in functionality</doc>
<tags>
<tag>Robot Test</tag>
</tags>
<status status="PASS" starttime="20211026 21:09:29.046" endtime="20211026 21:09:36.296" critical="yes"></status>
</test>
<test id="s1-t2" name="New User Can See Login Page">
<kw name="Open my browser" library="CommonKeywords" type="setup">
<doc>This Keyword is used for opening browser and maximizing browser window</doc>
<kw name="Open Browser" library="SeleniumLibrary">
<doc>Opens a new browser instance to the optional ``url``.</doc>
<arguments>
<arg>http://localhost:3000/login</arg>
<arg>chrome</arg>
</arguments>
<msg timestamp="20211026 21:09:36.296" level="INFO">Opening browser 'chrome' to base url 'http://localhost:3000/login'.</msg>
<status status="PASS" starttime="20211026 21:09:36.296" endtime="20211026 21:09:39.356"></status>
</kw>
<kw name="Maximize Browser Window" library="SeleniumLibrary">
<doc>Maximizes current browser window.</doc>
<status status="PASS" starttime="20211026 21:09:39.356" endtime="20211026 21:09:39.475"></status>
</kw>
<status status="PASS" starttime="20211026 21:09:36.296" endtime="20211026 21:09:39.475"></status>
</kw>
<kw name="Verify new user" library="LoginKyewords">
<doc>This keyword is used for verifying successful login</doc>
<kw name="Wait Until Page Contains" library="SeleniumLibrary">
<doc>Waits until ``text`` appears on the current page.</doc>
<arguments>
<arg>Username</arg>
</arguments>
<status status="PASS" starttime="20211026 21:09:39.475" endtime="20211026 21:09:39.491"></status>
</kw>
<status status="PASS" starttime="20211026 21:09:39.475" endtime="20211026 21:09:39.491"></status>
</kw>
<kw name="Close All Browsers" library="SeleniumLibrary" type="teardown">
<doc>Closes all open browsers and resets the browser cache.</doc>
<status status="PASS" starttime="20211026 21:09:39.491" endtime="20211026 21:09:41.600"></status>
</kw>
<doc>This testcase is for new users who will only see login page</doc>
<tags>
<tag>Robot Test</tag>
</tags>
<status status="PASS" starttime="20211026 21:09:36.296" endtime="20211026 21:09:41.600" critical="yes"></status>
</test>
<test id="s1-t3" name="New User As Admin Check">
<kw name="Open my browser" library="CommonKeywords" type="setup">
<doc>This Keyword is used for opening browser and maximizing browser window</doc>
<kw name="Open Browser" library="SeleniumLibrary">
<doc>Opens a new browser instance to the optional ``url``.</doc>
<arguments>
<arg>http://localhost:3000/login</arg>
<arg>chrome</arg>
</arguments>
<msg timestamp="20211026 21:09:41.616" level="INFO">Opening browser 'chrome' to base url 'http://localhost:3000/login'.</msg>
<status status="PASS" starttime="20211026 21:09:41.616" endtime="20211026 21:09:44.631"></status>
</kw>
<kw name="Maximize Browser Window" library="SeleniumLibrary">
<doc>Maximizes current browser window.</doc>
<status status="PASS" starttime="20211026 21:09:44.631" endtime="20211026 21:09:44.749"></status>
</kw>
<status status="PASS" starttime="20211026 21:09:41.600" endtime="20211026 21:09:44.749"></status>
</kw>
<kw name="Enter UserName in Login" library="LoginKyewords">
<doc>This keyword is used for entering username while login</doc>
<arguments>
<arg>${username_admin}</arg>
</arguments>
<kw name="Input Text" library="SeleniumLibrary">
<doc>Types the given ``text`` into the text field identified by ``locator``.</doc>
<arguments>
<arg>${txt_LoginUserName}</arg>
<arg>${username}</arg>
</arguments>
<msg timestamp="20211026 21:09:44.749" level="INFO">Typing text 'admin' into text field 'xpath:/html/body/div[1]/div/div/form/div[1]/input'.</msg>
<status status="PASS" starttime="20211026 21:09:44.749" endtime="20211026 21:09:44.895"></status>
</kw>
<status status="PASS" starttime="20211026 21:09:44.749" endtime="20211026 21:09:44.895"></status>
</kw>
<kw name="Enter Password in Login" library="LoginKyewords">
<doc>This keyword is used for entering password while login</doc>
<arguments>
<arg>${password_admin}</arg>
</arguments>
<kw name="Input Password" library="SeleniumLibrary">
<doc>Types the given password into the text field identified by ``locator``.</doc>
<arguments>
<arg>${txt_LoginPassword}</arg>
<arg>${password}</arg>
</arguments>
<msg timestamp="20211026 21:09:44.897" level="INFO">Typing password into text field 'name:password'.</msg>
<msg timestamp="20211026 21:09:44.948" level="INFO">Temporally setting log level to: NONE</msg>
<msg timestamp="20211026 21:09:45.033" level="INFO">Log level changed from NONE to INFO.</msg>
<status status="PASS" starttime="20211026 21:09:44.897" endtime="20211026 21:09:45.034"></status>
</kw>
<status status="PASS" starttime="20211026 21:09:44.896" endtime="20211026 21:09:45.034"></status>
</kw>
<kw name="Click Login" library="LoginKyewords">
<doc>This keyword is used for clicking the log in button</doc>
<kw name="Click Element" library="SeleniumLibrary">
<doc>Click the element identified by ``locator``.</doc>
<arguments>
<arg>${btn_Login}</arg>
</arguments>
<msg timestamp="20211026 21:09:45.035" level="INFO">Clicking element 'xpath:/html/body/div[1]/div/div/form/button'.</msg>
<status status="PASS" starttime="20211026 21:09:45.035" endtime="20211026 21:09:45.100"></status>
</kw>
<status status="PASS" starttime="20211026 21:09:45.035" endtime="20211026 21:09:45.100"></status>
</kw>
<kw name="Verify Successful Login" library="LoginKyewords">
<doc>This keyword is used for verifying successful login</doc>
<kw name="Wait Until Page Contains" library="SeleniumLibrary">
<doc>Waits until ``text`` appears on the current page.</doc>
<arguments>
<arg>Rank</arg>
</arguments>
<status status="PASS" starttime="20211026 21:09:45.102" endtime="20211026 21:09:45.614"></status>
</kw>
<status status="PASS" starttime="20211026 21:09:45.101" endtime="20211026 21:09:45.615"></status>
</kw>
<kw name="Close All Browsers" library="SeleniumLibrary" type="teardown">
<doc>Closes all open browsers and resets the browser cache.</doc>
<status status="PASS" starttime="20211026 21:09:45.618" endtime="20211026 21:09:47.714"></status>
</kw>
<doc>This testcase is for checking the log in functionality</doc>
<tags>
<tag>Robot Test</tag>
</tags>
<status status="PASS" starttime="20211026 21:09:41.600" endtime="20211026 21:09:47.714" critical="yes"></status>
</test>
<test id="s1-t4" name="User Can Edit Cat Name">
<kw name="Open my browser" library="CommonKeywords" type="setup">
<doc>This Keyword is used for opening browser and maximizing browser window</doc>
<kw name="Open Browser" library="SeleniumLibrary">
<doc>Opens a new browser instance to the optional ``url``.</doc>
<arguments>
<arg>http://localhost:3000/login</arg>
<arg>chrome</arg>
</arguments>
<msg timestamp="20211026 21:09:47.730" level="INFO">Opening browser 'chrome' to base url 'http://localhost:3000/login'.</msg>
<status status="PASS" starttime="20211026 21:09:47.730" endtime="20211026 21:09:50.707"></status>
</kw>
<kw name="Maximize Browser Window" library="SeleniumLibrary">
<doc>Maximizes current browser window.</doc>
<status status="PASS" starttime="20211026 21:09:50.707" endtime="20211026 21:09:50.832"></status>
</kw>
<status status="PASS" starttime="20211026 21:09:47.714" endtime="20211026 21:09:50.832"></status>
</kw>
<kw name="Enter UserName in Login" library="LoginKyewords">
<doc>This keyword is used for entering username while login</doc>
<arguments>
<arg>${username_admin}</arg>
</arguments>
<kw name="Input Text" library="SeleniumLibrary">
<doc>Types the given ``text`` into the text field identified by ``locator``.</doc>
<arguments>
<arg>${txt_LoginUserName}</arg>
<arg>${username}</arg>
</arguments>
<msg timestamp="20211026 21:09:50.832" level="INFO">Typing text 'admin' into text field 'xpath:/html/body/div[1]/div/div/form/div[1]/input'.</msg>
<status status="PASS" starttime="20211026 21:09:50.832" endtime="20211026 21:09:50.981"></status>
</kw>
<status status="PASS" starttime="20211026 21:09:50.832" endtime="20211026 21:09:50.981"></status>
</kw>
<kw name="Enter Password in Login" library="LoginKyewords">
<doc>This keyword is used for entering password while login</doc>
<arguments>
<arg>${password_admin}</arg>
</arguments>
<kw name="Input Password" library="SeleniumLibrary">
<doc>Types the given password into the text field identified by ``locator``.</doc>
<arguments>
<arg>${txt_LoginPassword}</arg>
<arg>${password}</arg>
</arguments>
<msg timestamp="20211026 21:09:50.983" level="INFO">Typing password into text field 'name:password'.</msg>
<msg timestamp="20211026 21:09:51.018" level="INFO">Temporally setting log level to: NONE</msg>
<msg timestamp="20211026 21:09:51.113" level="INFO">Log level changed from NONE to INFO.</msg>
<status status="PASS" starttime="20211026 21:09:50.983" endtime="20211026 21:09:51.113"></status>
</kw>
<status status="PASS" starttime="20211026 21:09:50.982" endtime="20211026 21:09:51.113"></status>
</kw>
<kw name="Click Login" library="LoginKyewords">
<doc>This keyword is used for clicking the log in button</doc>
<kw name="Click Element" library="SeleniumLibrary">
<doc>Click the element identified by ``locator``.</doc>
<arguments>
<arg>${btn_Login}</arg>
</arguments>
<msg timestamp="20211026 21:09:51.114" level="INFO">Clicking element 'xpath:/html/body/div[1]/div/div/form/button'.</msg>
<status status="PASS" starttime="20211026 21:09:51.114" endtime="20211026 21:09:51.177"></status>
</kw>
<status status="PASS" starttime="20211026 21:09:51.114" endtime="20211026 21:09:51.178"></status>
</kw>
<kw name="Verify Successful Login" library="LoginKyewords">
<doc>This keyword is used for verifying successful login</doc>
<kw name="Wait Until Page Contains" library="SeleniumLibrary">
<doc>Waits until ``text`` appears on the current page.</doc>
<arguments>
<arg>Rank</arg>
</arguments>
<status status="PASS" starttime="20211026 21:09:51.179" endtime="20211026 21:09:51.667"></status>
</kw>
<status status="PASS" starttime="20211026 21:09:51.178" endtime="20211026 21:09:51.667"></status>
</kw>
<kw name="Close All Browsers" library="SeleniumLibrary" type="teardown">
<doc>Closes all open browsers and resets the browser cache.</doc>
<status status="PASS" starttime="20211026 21:09:51.669" endtime="20211026 21:09:53.802"></status>
</kw>
<doc>This testcase is for checking the log in functionality</doc>
<tags>
<tag>Robot Test</tag>
</tags>
<status status="PASS" starttime="20211026 21:09:47.714" endtime="20211026 21:09:53.802" critical="yes"></status>
</test>
<status status="PASS" starttime="20211026 21:09:28.768" endtime="20211026 21:09:53.802"></status>
</suite>
<statistics>
<total>
<stat pass="4" fail="0">Critical Tests</stat>
<stat pass="4" fail="0">All Tests</stat>
</total>
<tag>
<stat pass="4" fail="0">Robot Test</stat>
</tag>
<suite>
<stat pass="4" fail="0" id="s1" name="TestCase1">TestCase1</stat>
</suite>
</statistics>
<errors>
<msg timestamp="20211026 21:09:29.038" level="WARN">Imported resource file 'C:\Users\User\Desktop\Automation_testcases\Resources\LogoutKeywords.robot' is empty.</msg>
<msg timestamp="20211026 21:09:29.046" level="WARN">Imported resource file 'C:\Users\User\Desktop\Automation_testcases\Resources\MainviewKeywords.robot' is empty.</msg>
</errors>
</robot>
