<?xml version="1.0" encoding="UTF-8"?>
<robot generator="Robot 3.2.2 (Python 3.6.2 on win32)" generated="20211026 21:08:07.826" rpa="false">
<suite id="s1" name="TestCase1" source="C:\Users\User\Desktop\Automation_testcases\TestCases\TestCase1.robot">
<test id="s1-t1" name="Login Test">
<kw name="Open my browser" library="CommonKeywords" type="setup">
<doc>This Keyword is used for opening browser and maximizing browser window</doc>
<kw name="Open Browser" library="SeleniumLibrary">
<doc>Opens a new browser instance to the optional ``url``.</doc>
<arguments>
<arg>http://localhost:3000/login</arg>
<arg>chrome</arg>
</arguments>
<msg timestamp="20211026 21:08:08.123" level="INFO">Opening browser 'chrome' to base url 'http://localhost:3000/login'.</msg>
<status status="PASS" starttime="20211026 21:08:08.123" endtime="20211026 21:08:11.226"></status>
</kw>
<kw name="Maximize Browser Window" library="SeleniumLibrary">
<doc>Maximizes current browser window.</doc>
<status status="PASS" starttime="20211026 21:08:11.226" endtime="20211026 21:08:11.345"></status>
</kw>
<status status="PASS" starttime="20211026 21:08:08.123" endtime="20211026 21:08:11.345"></status>
</kw>
<kw name="Enter UserName in Login" library="LoginKyewords">
<doc>This keyword is used for entering username while login</doc>
<arguments>
<arg>${username}</arg>
</arguments>
<kw name="Input Text" library="SeleniumLibrary">
<doc>Types the given ``text`` into the text field identified by ``locator``.</doc>
<arguments>
<arg>${txt_LoginUserName}</arg>
<arg>${username}</arg>
</arguments>
<msg timestamp="20211026 21:08:11.345" level="INFO">Typing text 'user' into text field 'xpath:/html/body/div[1]/div/div/form/div[1]/input'.</msg>
<status status="PASS" starttime="20211026 21:08:11.345" endtime="20211026 21:08:11.491"></status>
</kw>
<status status="PASS" starttime="20211026 21:08:11.345" endtime="20211026 21:08:11.492"></status>
</kw>
<kw name="Enter Password in Login" library="LoginKyewords">
<doc>This keyword is used for entering password while login</doc>
<arguments>
<arg>${password}</arg>
</arguments>
<kw name="Input Password" library="SeleniumLibrary">
<doc>Types the given password into the text field identified by ``locator``.</doc>
<arguments>
<arg>${txt_LoginPassword}</arg>
<arg>${password}</arg>
</arguments>
<msg timestamp="20211026 21:08:11.494" level="INFO">Typing password into text field 'name:password'.</msg>
<msg timestamp="20211026 21:08:11.538" level="INFO">Temporally setting log level to: NONE</msg>
<msg timestamp="20211026 21:08:11.636" level="INFO">Log level changed from NONE to INFO.</msg>
<status status="PASS" starttime="20211026 21:08:11.494" endtime="20211026 21:08:11.636"></status>
</kw>
<status status="PASS" starttime="20211026 21:08:11.493" endtime="20211026 21:08:11.637"></status>
</kw>
<kw name="Click Login" library="LoginKyewords">
<doc>This keyword is used for clicking the log in button</doc>
<kw name="Click Element" library="SeleniumLibrary">
<doc>Click the element identified by ``locator``.</doc>
<arguments>
<arg>${btn_Login}</arg>
</arguments>
<msg timestamp="20211026 21:08:11.639" level="INFO">Clicking element 'xpath:/html/body/div[1]/div/div/form/button'.</msg>
<status status="PASS" starttime="20211026 21:08:11.638" endtime="20211026 21:08:11.710"></status>
</kw>
<status status="PASS" starttime="20211026 21:08:11.637" endtime="20211026 21:08:11.710"></status>
</kw>
<kw name="Verify Successful Login" library="LoginKyewords">
<doc>This keyword is used for verifying successful login</doc>
<kw name="Wait Until Page Contains" library="SeleniumLibrary">
<doc>Waits until ``text`` appears on the current page.</doc>
<arguments>
<arg>Rank</arg>
</arguments>
<status status="PASS" starttime="20211026 21:08:11.712" endtime="20211026 21:08:12.868"></status>
</kw>
<status status="PASS" starttime="20211026 21:08:11.711" endtime="20211026 21:08:12.868"></status>
</kw>
<kw name="Close All Browsers" library="SeleniumLibrary" type="teardown">
<doc>Closes all open browsers and resets the browser cache.</doc>
<status status="PASS" starttime="20211026 21:08:12.868" endtime="20211026 21:08:15.034"></status>
</kw>
<doc>This testcase is for checking the log in functionality</doc>
<tags>
<tag>Robot Test</tag>
</tags>
<status status="PASS" starttime="20211026 21:08:08.123" endtime="20211026 21:08:15.034" critical="yes"></status>
</test>
<test id="s1-t2" name="New User Can See Login Page">
<kw name="Open my browser" library="CommonKeywords" type="setup">
<doc>This Keyword is used for opening browser and maximizing browser window</doc>
<kw name="Open Browser" library="SeleniumLibrary">
<doc>Opens a new browser instance to the optional ``url``.</doc>
<arguments>
<arg>http://localhost:3000/login</arg>
<arg>chrome</arg>
</arguments>
<msg timestamp="20211026 21:08:15.034" level="INFO">Opening browser 'chrome' to base url 'http://localhost:3000/login'.</msg>
<status status="PASS" starttime="20211026 21:08:15.034" endtime="20211026 21:08:18.191"></status>
</kw>
<kw name="Maximize Browser Window" library="SeleniumLibrary">
<doc>Maximizes current browser window.</doc>
<status status="PASS" starttime="20211026 21:08:18.191" endtime="20211026 21:08:18.312"></status>
</kw>
<status status="PASS" starttime="20211026 21:08:15.034" endtime="20211026 21:08:18.312"></status>
</kw>
<kw name="Verify new user" library="LoginKyewords">
<doc>This keyword is used for verifying successful login</doc>
<kw name="Wait Until Page Contains" library="SeleniumLibrary">
<doc>Waits until ``text`` appears on the current page.</doc>
<arguments>
<arg>Username</arg>
</arguments>
<status status="PASS" starttime="20211026 21:08:18.312" endtime="20211026 21:08:18.328"></status>
</kw>
<status status="PASS" starttime="20211026 21:08:18.312" endtime="20211026 21:08:18.328"></status>
</kw>
<kw name="Close All Browsers" library="SeleniumLibrary" type="teardown">
<doc>Closes all open browsers and resets the browser cache.</doc>
<status status="PASS" starttime="20211026 21:08:18.328" endtime="20211026 21:08:20.450"></status>
</kw>
<doc>This testcase is for new users who will only see login page</doc>
<tags>
<tag>Robot Test</tag>
</tags>
<status status="PASS" starttime="20211026 21:08:15.034" endtime="20211026 21:08:20.450" critical="yes"></status>
</test>
<test id="s1-t3" name="New User As Admin Check">
<kw name="Open my browser" library="CommonKeywords" type="setup">
<doc>This Keyword is used for opening browser and maximizing browser window</doc>
<kw name="Open Browser" library="SeleniumLibrary">
<doc>Opens a new browser instance to the optional ``url``.</doc>
<arguments>
<arg>http://localhost:3000/login</arg>
<arg>chrome</arg>
</arguments>
<msg timestamp="20211026 21:08:20.450" level="INFO">Opening browser 'chrome' to base url 'http://localhost:3000/login'.</msg>
<status status="PASS" starttime="20211026 21:08:20.450" endtime="20211026 21:08:23.355"></status>
</kw>
<kw name="Maximize Browser Window" library="SeleniumLibrary">
<doc>Maximizes current browser window.</doc>
<status status="PASS" starttime="20211026 21:08:23.355" endtime="20211026 21:08:23.496"></status>
</kw>
<status status="PASS" starttime="20211026 21:08:20.450" endtime="20211026 21:08:23.496"></status>
</kw>
<kw name="Enter UserName in Login" library="LoginKyewords">
<doc>This keyword is used for entering username while login</doc>
<arguments>
<arg>${username_admin}</arg>
</arguments>
<kw name="Input Text" library="SeleniumLibrary">
<doc>Types the given ``text`` into the text field identified by ``locator``.</doc>
<arguments>
<arg>${txt_LoginUserName}</arg>
<arg>${username}</arg>
</arguments>
<msg timestamp="20211026 21:08:23.496" level="INFO">Typing text 'admin' into text field 'xpath:/html/body/div[1]/div/div/form/div[1]/input'.</msg>
<status status="PASS" starttime="20211026 21:08:23.496" endtime="20211026 21:08:23.653"></status>
</kw>
<status status="PASS" starttime="20211026 21:08:23.496" endtime="20211026 21:08:23.653"></status>
</kw>
<kw name="Enter Password in Login" library="LoginKyewords">
<doc>This keyword is used for entering password while login</doc>
<arguments>
<arg>${password_admin}</arg>
</arguments>
<kw name="Input Password" library="SeleniumLibrary">
<doc>Types the given password into the text field identified by ``locator``.</doc>
<arguments>
<arg>${txt_LoginPassword}</arg>
<arg>${password}</arg>
</arguments>
<msg timestamp="20211026 21:08:23.657" level="INFO">Typing password into text field 'name:password'.</msg>
<msg timestamp="20211026 21:08:23.705" level="INFO">Temporally setting log level to: NONE</msg>
<msg timestamp="20211026 21:08:23.792" level="INFO">Log level changed from NONE to INFO.</msg>
<status status="PASS" starttime="20211026 21:08:23.656" endtime="20211026 21:08:23.792"></status>
</kw>
<status status="PASS" starttime="20211026 21:08:23.654" endtime="20211026 21:08:23.792"></status>
</kw>
<kw name="Click Login" library="LoginKyewords">
<doc>This keyword is used for clicking the log in button</doc>
<kw name="Click Element" library="SeleniumLibrary">
<doc>Click the element identified by ``locator``.</doc>
<arguments>
<arg>${btn_Login}</arg>
</arguments>
<msg timestamp="20211026 21:08:23.794" level="INFO">Clicking element 'xpath:/html/body/div[1]/div/div/form/button'.</msg>
<status status="PASS" starttime="20211026 21:08:23.793" endtime="20211026 21:08:23.862"></status>
</kw>
<status status="PASS" starttime="20211026 21:08:23.793" endtime="20211026 21:08:23.862"></status>
</kw>
<kw name="Verify Successful Login" library="LoginKyewords">
<doc>This keyword is used for verifying successful login</doc>
<kw name="Wait Until Page Contains" library="SeleniumLibrary">
<doc>Waits until ``text`` appears on the current page.</doc>
<arguments>
<arg>Rank</arg>
</arguments>
<status status="PASS" starttime="20211026 21:08:23.863" endtime="20211026 21:08:24.337"></status>
</kw>
<status status="PASS" starttime="20211026 21:08:23.862" endtime="20211026 21:08:24.337"></status>
</kw>
<kw name="Close All Browsers" library="SeleniumLibrary" type="teardown">
<doc>Closes all open browsers and resets the browser cache.</doc>
<status status="PASS" starttime="20211026 21:08:24.337" endtime="20211026 21:08:26.455"></status>
</kw>
<doc>This testcase is for checking the log in functionality</doc>
<tags>
<tag>Robot Test</tag>
</tags>
<status status="PASS" starttime="20211026 21:08:20.450" endtime="20211026 21:08:26.455" critical="yes"></status>
</test>
<test id="s1-t4" name="User Can Edit Cat Name">
<kw name="Open my browser" library="CommonKeywords" type="setup">
<doc>This Keyword is used for opening browser and maximizing browser window</doc>
<kw name="Open Browser" library="SeleniumLibrary">
<doc>Opens a new browser instance to the optional ``url``.</doc>
<arguments>
<arg>http://localhost:3000/login</arg>
<arg>chrome</arg>
</arguments>
<msg timestamp="20211026 21:08:26.455" level="INFO">Opening browser 'chrome' to base url 'http://localhost:3000/login'.</msg>
<status status="PASS" starttime="20211026 21:08:26.455" endtime="20211026 21:08:29.587"></status>
</kw>
<kw name="Maximize Browser Window" library="SeleniumLibrary">
<doc>Maximizes current browser window.</doc>
<status status="PASS" starttime="20211026 21:08:29.588" endtime="20211026 21:08:29.704"></status>
</kw>
<status status="PASS" starttime="20211026 21:08:26.455" endtime="20211026 21:08:29.704"></status>
</kw>
<kw name="Enter UserName in Login" library="LoginKyewords">
<doc>This keyword is used for entering username while login</doc>
<arguments>
<arg>${username_admin}</arg>
</arguments>
<kw name="Input Text" library="SeleniumLibrary">
<doc>Types the given ``text`` into the text field identified by ``locator``.</doc>
<arguments>
<arg>${txt_LoginUserName}</arg>
<arg>${username}</arg>
</arguments>
<msg timestamp="20211026 21:08:29.704" level="INFO">Typing text 'admin' into text field 'xpath:/html/body/div[1]/div/div/form/div[1]/input'.</msg>
<status status="PASS" starttime="20211026 21:08:29.704" endtime="20211026 21:08:29.850"></status>
</kw>
<status status="PASS" starttime="20211026 21:08:29.704" endtime="20211026 21:08:29.850"></status>
</kw>
<kw name="Enter Password in Login" library="LoginKyewords">
<doc>This keyword is used for entering password while login</doc>
<arguments>
<arg>${password_admin}</arg>
</arguments>
<kw name="Input Password" library="SeleniumLibrary">
<doc>Types the given password into the text field identified by ``locator``.</doc>
<arguments>
<arg>${txt_LoginPassword}</arg>
<arg>${password}</arg>
</arguments>
<msg timestamp="20211026 21:08:29.852" level="INFO">Typing password into text field 'name:password'.</msg>
<msg timestamp="20211026 21:08:29.896" level="INFO">Temporally setting log level to: NONE</msg>
<msg timestamp="20211026 21:08:29.979" level="INFO">Log level changed from NONE to INFO.</msg>
<status status="PASS" starttime="20211026 21:08:29.852" endtime="20211026 21:08:29.979"></status>
</kw>
<status status="PASS" starttime="20211026 21:08:29.851" endtime="20211026 21:08:29.980"></status>
</kw>
<kw name="Click Login" library="LoginKyewords">
<doc>This keyword is used for clicking the log in button</doc>
<kw name="Click Element" library="SeleniumLibrary">
<doc>Click the element identified by ``locator``.</doc>
<arguments>
<arg>${btn_Login}</arg>
</arguments>
<msg timestamp="20211026 21:08:29.980" level="INFO">Clicking element 'xpath:/html/body/div[1]/div/div/form/button'.</msg>
<status status="PASS" starttime="20211026 21:08:29.980" endtime="20211026 21:08:30.048"></status>
</kw>
<status status="PASS" starttime="20211026 21:08:29.980" endtime="20211026 21:08:30.048"></status>
</kw>
<kw name="Verify Successful Login" library="LoginKyewords">
<doc>This keyword is used for verifying successful login</doc>
<kw name="Wait Until Page Contains" library="SeleniumLibrary">
<doc>Waits until ``text`` appears on the current page.</doc>
<arguments>
<arg>Rank</arg>
</arguments>
<status status="PASS" starttime="20211026 21:08:30.049" endtime="20211026 21:08:30.531"></status>
</kw>
<status status="PASS" starttime="20211026 21:08:30.049" endtime="20211026 21:08:30.532"></status>
</kw>
<kw name="Close All Browsers" library="SeleniumLibrary" type="teardown">
<doc>Closes all open browsers and resets the browser cache.</doc>
<status status="PASS" starttime="20211026 21:08:30.532" endtime="20211026 21:08:32.641"></status>
</kw>
<doc>This testcase is for checking the log in functionality</doc>
<tags>
<tag>Robot Test</tag>
</tags>
<status status="PASS" starttime="20211026 21:08:26.455" endtime="20211026 21:08:32.641" critical="yes"></status>
</test>
<status status="PASS" starttime="20211026 21:08:07.826" endtime="20211026 21:08:32.641"></status>
</suite>
<statistics>
<total>
<stat pass="4" fail="0">Critical Tests</stat>
<stat pass="4" fail="0">All Tests</stat>
</total>
<tag>
<stat pass="4" fail="0">Robot Test</stat>
</tag>
<suite>
<stat pass="4" fail="0" id="s1" name="TestCase1">TestCase1</stat>
</suite>
</statistics>
<errors>
<msg timestamp="20211026 21:08:08.123" level="WARN">Imported resource file 'C:\Users\User\Desktop\Automation_testcases\Resources\LogoutKeywords.robot' is empty.</msg>
<msg timestamp="20211026 21:08:08.123" level="WARN">Imported resource file 'C:\Users\User\Desktop\Automation_testcases\Resources\MainviewKeywords.robot' is empty.</msg>
</errors>
</robot>
